[ 2019-05-06T10:29:20+08:00 ] 10.0.0.224 /ticket/index.php/api/Ticket/ticket_reply_info.html
INFO: [ app_init ] --START--
INFO: Run Behavior\BuildLiteBehavior [ RunTime:0.000088s ]
INFO: [ app_init ] --END-- [ RunTime:0.001100s ]
INFO: [ app_begin ] --START--
INFO: Run Behavior\ReadHtmlCacheBehavior [ RunTime:0.001666s ]
INFO: [ app_begin ] --END-- [ RunTime:0.002041s ]
NOTIC: [8] Undefined index: CONTENT_TYPE D:\wampserver\www\ticket\haoidcn\Api\Controller\BaseController.class.php 第 26 行.
ERR: 无法加载数据库驱动: Think\Db\Driver\

[ 2019-05-06T10:29:22+08:00 ] 10.0.0.224 /ticket/index.php/api/Ticket/ticket_reply_info.html
INFO: [ app_init ] --START--
INFO: Run Behavior\BuildLiteBehavior [ RunTime:0.000041s ]
INFO: [ app_init ] --END-- [ RunTime:0.001361s ]
INFO: [ app_begin ] --START--
INFO: Run Behavior\ReadHtmlCacheBehavior [ RunTime:0.000997s ]
INFO: [ app_begin ] --END-- [ RunTime:0.001174s ]
NOTIC: [8] Undefined index: CONTENT_TYPE D:\wampserver\www\ticket\haoidcn\Api\Controller\BaseController.class.php 第 26 行.
ERR: 无法加载数据库驱动: Think\Db\Driver\

[ 2019-05-06T10:29:22+08:00 ] 10.0.0.224 /ticket/index.php/api/Ticket/ticket_reply_info.html
INFO: [ app_init ] --START--
INFO: Run Behavior\BuildLiteBehavior [ RunTime:0.000042s ]
INFO: [ app_init ] --END-- [ RunTime:0.000894s ]
INFO: [ app_begin ] --START--
INFO: Run Behavior\ReadHtmlCacheBehavior [ RunTime:0.000672s ]
INFO: [ app_begin ] --END-- [ RunTime:0.000795s ]
NOTIC: [8] Undefined index: CONTENT_TYPE D:\wampserver\www\ticket\haoidcn\Api\Controller\BaseController.class.php 第 26 行.
ERR: 无法加载数据库驱动: Think\Db\Driver\

[ 2019-05-06T10:29:23+08:00 ] 10.0.0.224 /ticket/index.php/api/Ticket/ticket_reply_info.html
INFO: [ app_init ] --START--
INFO: Run Behavior\BuildLiteBehavior [ RunTime:0.000024s ]
INFO: [ app_init ] --END-- [ RunTime:0.000513s ]
INFO: [ app_begin ] --START--
INFO: Run Behavior\ReadHtmlCacheBehavior [ RunTime:0.000617s ]
INFO: [ app_begin ] --END-- [ RunTime:0.000721s ]
NOTIC: [8] Undefined index: CONTENT_TYPE D:\wampserver\www\ticket\haoidcn\Api\Controller\BaseController.class.php 第 26 行.
ERR: 无法加载数据库驱动: Think\Db\Driver\

[ 2019-05-06T10:29:23+08:00 ] 10.0.0.224 /ticket/index.php/api/Ticket/ticket_reply_info.html
INFO: [ app_init ] --START--
INFO: Run Behavior\BuildLiteBehavior [ RunTime:0.000023s ]
INFO: [ app_init ] --END-- [ RunTime:0.000507s ]
INFO: [ app_begin ] --START--
INFO: Run Behavior\ReadHtmlCacheBehavior [ RunTime:0.000667s ]
INFO: [ app_begin ] --END-- [ RunTime:0.000777s ]
NOTIC: [8] Undefined index: CONTENT_TYPE D:\wampserver\www\ticket\haoidcn\Api\Controller\BaseController.class.php 第 26 行.
ERR: 无法加载数据库驱动: Think\Db\Driver\

[ 2019-05-06T10:29:23+08:00 ] 10.0.0.224 /ticket/index.php/api/Ticket/ticket_reply_info.html
INFO: [ app_init ] --START--
INFO: Run Behavior\BuildLiteBehavior [ RunTime:0.000024s ]
INFO: [ app_init ] --END-- [ RunTime:0.000500s ]
INFO: [ app_begin ] --START--
INFO: Run Behavior\ReadHtmlCacheBehavior [ RunTime:0.000618s ]
INFO: [ app_begin ] --END-- [ RunTime:0.000723s ]
NOTIC: [8] Undefined index: CONTENT_TYPE D:\wampserver\www\ticket\haoidcn\Api\Controller\BaseController.class.php 第 26 行.
ERR: 无法加载数据库驱动: Think\Db\Driver\

[ 2019-05-06T10:29:23+08:00 ] 10.0.0.224 /ticket/index.php/api/Ticket/ticket_reply_info.html
INFO: [ app_init ] --START--
INFO: Run Behavior\BuildLiteBehavior [ RunTime:0.000024s ]
INFO: [ app_init ] --END-- [ RunTime:0.000493s ]
INFO: [ app_begin ] --START--
INFO: Run Behavior\ReadHtmlCacheBehavior [ RunTime:0.001691s ]
INFO: [ app_begin ] --END-- [ RunTime:0.001902s ]
NOTIC: [8] Undefined index: CONTENT_TYPE D:\wampserver\www\ticket\haoidcn\Api\Controller\BaseController.class.php 第 26 行.
ERR: 无法加载数据库驱动: Think\Db\Driver\

[ 2019-05-06T10:29:23+08:00 ] 10.0.0.224 /ticket/index.php/api/Ticket/ticket_reply_info.html
INFO: [ app_init ] --START--
INFO: Run Behavior\BuildLiteBehavior [ RunTime:0.000055s ]
INFO: [ app_init ] --END-- [ RunTime:0.000851s ]
INFO: [ app_begin ] --START--
INFO: Run Behavior\ReadHtmlCacheBehavior [ RunTime:0.001314s ]
INFO: [ app_begin ] --END-- [ RunTime:0.001480s ]
NOTIC: [8] Undefined index: CONTENT_TYPE D:\wampserver\www\ticket\haoidcn\Api\Controller\BaseController.class.php 第 26 行.
ERR: 无法加载数据库驱动: Think\Db\Driver\

[ 2019-05-06T10:29:23+08:00 ] 10.0.0.224 /ticket/index.php/api/Ticket/ticket_reply_info.html
INFO: [ app_init ] --START--
INFO: Run Behavior\BuildLiteBehavior [ RunTime:0.000024s ]
INFO: [ app_init ] --END-- [ RunTime:0.000523s ]
INFO: [ app_begin ] --START--
INFO: Run Behavior\ReadHtmlCacheBehavior [ RunTime:0.001033s ]
INFO: [ app_begin ] --END-- [ RunTime:0.001182s ]
NOTIC: [8] Undefined index: CONTENT_TYPE D:\wampserver\www\ticket\haoidcn\Api\Controller\BaseController.class.php 第 26 行.
ERR: 无法加载数据库驱动: Think\Db\Driver\

[ 2019-05-06T10:29:24+08:00 ] 10.0.0.224 /ticket/index.php/api/Ticket/ticket_reply_info.html
INFO: [ app_init ] --START--
INFO: Run Behavior\BuildLiteBehavior [ RunTime:0.000025s ]
INFO: [ app_init ] --END-- [ RunTime:0.000545s ]
INFO: [ app_begin ] --START--
INFO: Run Behavior\ReadHtmlCacheBehavior [ RunTime:0.000628s ]
INFO: [ app_begin ] --END-- [ RunTime:0.000734s ]
NOTIC: [8] Undefined index: CONTENT_TYPE D:\wampserver\www\ticket\haoidcn\Api\Controller\BaseController.class.php 第 26 行.
ERR: 无法加载数据库驱动: Think\Db\Driver\

[ 2019-05-06T10:29:24+08:00 ] 10.0.0.224 /ticket/index.php/api/Ticket/ticket_reply_info.html
INFO: [ app_init ] --START--
INFO: Run Behavior\BuildLiteBehavior [ RunTime:0.000024s ]
INFO: [ app_init ] --END-- [ RunTime:0.000502s ]
INFO: [ app_begin ] --START--
INFO: Run Behavior\ReadHtmlCacheBehavior [ RunTime:0.000610s ]
INFO: [ app_begin ] --END-- [ RunTime:0.000724s ]
NOTIC: [8] Undefined index: CONTENT_TYPE D:\wampserver\www\ticket\haoidcn\Api\Controller\BaseController.class.php 第 26 行.
ERR: 无法加载数据库驱动: Think\Db\Driver\

[ 2019-05-06T10:29:24+08:00 ] 10.0.0.224 /ticket/index.php/api/Ticket/ticket_reply_info.html
INFO: [ app_init ] --START--
INFO: Run Behavior\BuildLiteBehavior [ RunTime:0.000024s ]
INFO: [ app_init ] --END-- [ RunTime:0.000497s ]
INFO: [ app_begin ] --START--
INFO: Run Behavior\ReadHtmlCacheBehavior [ RunTime:0.000603s ]
INFO: [ app_begin ] --END-- [ RunTime:0.000708s ]
NOTIC: [8] Undefined index: CONTENT_TYPE D:\wampserver\www\ticket\haoidcn\Api\Controller\BaseController.class.php 第 26 行.
ERR: 无法加载数据库驱动: Think\Db\Driver\

[ 2019-05-06T10:29:25+08:00 ] 10.0.0.224 /ticket/index.php/api/Ticket/ticket_reply_info.html
INFO: [ app_init ] --START--
INFO: Run Behavior\BuildLiteBehavior [ RunTime:0.000024s ]
INFO: [ app_init ] --END-- [ RunTime:0.000513s ]
INFO: [ app_begin ] --START--
INFO: Run Behavior\ReadHtmlCacheBehavior [ RunTime:0.000595s ]
INFO: [ app_begin ] --END-- [ RunTime:0.000700s ]
NOTIC: [8] Undefined index: CONTENT_TYPE D:\wampserver\www\ticket\haoidcn\Api\Controller\BaseController.class.php 第 26 行.
ERR: 无法加载数据库驱动: Think\Db\Driver\

[ 2019-05-06T10:29:25+08:00 ] 10.0.0.224 /ticket/index.php/api/Ticket/ticket_reply_info.html
INFO: [ app_init ] --START--
INFO: Run Behavior\BuildLiteBehavior [ RunTime:0.000024s ]
INFO: [ app_init ] --END-- [ RunTime:0.000529s ]
INFO: [ app_begin ] --START--
INFO: Run Behavior\ReadHtmlCacheBehavior [ RunTime:0.000653s ]
INFO: [ app_begin ] --END-- [ RunTime:0.000769s ]
NOTIC: [8] Undefined index: CONTENT_TYPE D:\wampserver\www\ticket\haoidcn\Api\Controller\BaseController.class.php 第 26 行.
ERR: 无法加载数据库驱动: Think\Db\Driver\

[ 2019-05-06T10:29:25+08:00 ] 10.0.0.224 /ticket/index.php/api/Ticket/ticket_reply_info.html
INFO: [ app_init ] --START--
INFO: Run Behavior\BuildLiteBehavior [ RunTime:0.000038s ]
INFO: [ app_init ] --END-- [ RunTime:0.000619s ]
INFO: [ app_begin ] --START--
INFO: Run Behavior\ReadHtmlCacheBehavior [ RunTime:0.000671s ]
INFO: [ app_begin ] --END-- [ RunTime:0.000786s ]
NOTIC: [8] Undefined index: CONTENT_TYPE D:\wampserver\www\ticket\haoidcn\Api\Controller\BaseController.class.php 第 26 行.
ERR: 无法加载数据库驱动: Think\Db\Driver\

[ 2019-05-06T10:31:01+08:00 ] 10.0.0.224 /ticket/index.php/api/Ticket/ticket_reply_info.html
INFO: [ app_init ] --START--
INFO: Run Behavior\BuildLiteBehavior [ RunTime:0.000036s ]
INFO: [ app_init ] --END-- [ RunTime:0.000712s ]
INFO: [ app_begin ] --START--
INFO: Run Behavior\ReadHtmlCacheBehavior [ RunTime:0.000702s ]
INFO: [ app_begin ] --END-- [ RunTime:0.000890s ]
NOTIC: [8] Undefined index: CONTENT_TYPE D:\wampserver\www\ticket\haoidcn\Api\Controller\BaseController.class.php 第 26 行.
ERR: 无法加载数据库驱动: Think\Db\Driver\

