[ 2019-04-15T19:40:46+08:00 ] 10.0.0.224 /ticket/?token=YlcwSDdPiwf1A4ABWhkPKSztJmwCm_N3nkeL25HCWm0k_T27i7PHWoOMlWT57m6eXSy_RxJ7zWyObAdD-pMseg%3D%3D&devtype=pc
INFO: [ app_init ] --START--
INFO: Run Behavior\BuildLiteBehavior [ RunTime:0.000059s ]
INFO: [ app_init ] --END-- [ RunTime:0.002240s ]
INFO: [ app_begin ] --START--
INFO: Run Behavior\ReadHtmlCacheBehavior [ RunTime:0.010119s ]
INFO: [ app_begin ] --END-- [ RunTime:0.010318s ]
NOTIC: [8] A session had already been started - ignoring session_start() D:\wampserver\www\ticket\haoidcn\Admin\Controller\IndexController.class.php 第 11 行.
SQL: SHOW COLUMNS FROM `ticket_user` [ RunTime:0.0320s ]
SQL: SHOW COLUMNS FROM `ticket_user` [ RunTime:0.0008s ]
SQL: SELECT COUNT(*) AS tp_count FROM `ticket_user` WHERE ( userid='toy2' ) LIMIT 1   [ RunTime:0.0078s ]
SQL: SHOW COLUMNS FROM `ticket_user` [ RunTime:0.0014s ]
SQL: SELECT * FROM `ticket_user` WHERE ( userid='toy2' ) LIMIT 1   [ RunTime:0.0004s ]

[ 2019-04-15T19:40:46+08:00 ] 10.0.0.224 /ticket/index.php/Console/dashboard.html
INFO: [ app_init ] --START--
INFO: Run Behavior\BuildLiteBehavior [ RunTime:0.000041s ]
INFO: [ app_init ] --END-- [ RunTime:0.000797s ]
INFO: [ app_begin ] --START--
INFO: Run Behavior\ReadHtmlCacheBehavior [ RunTime:0.000611s ]
INFO: [ app_begin ] --END-- [ RunTime:0.000735s ]
NOTIC: [8] A session had already been started - ignoring session_start() D:\wampserver\www\ticket\haoidcn\Admin\Controller\CommonController.class.php 第 11 行.
SQL: SHOW COLUMNS FROM `ticket_user` [ RunTime:0.0012s ]
SQL: SELECT * FROM `ticket_user` WHERE ( userid='toy2' ) LIMIT 1   [ RunTime:0.0005s ]
SQL: SHOW COLUMNS FROM `ticket_work` [ RunTime:0.0016s ]
SQL: SHOW COLUMNS FROM `ticket_work` [ RunTime:0.0008s ]
SQL: SELECT COUNT(*) AS tp_count FROM `ticket_work` WHERE ( (did is null or did=0) and wc_sataus<>'3' ) LIMIT 1   [ RunTime:0.0017s ]
SQL: SELECT COUNT(*) AS tp_count FROM `ticket_work` WHERE ( did=79 and wc_sataus<>'3' ) LIMIT 1   [ RunTime:0.0004s ]
SQL: SELECT COUNT(*) AS tp_count FROM `ticket_work` WHERE ( did=79 and wc_sataus='2' ) LIMIT 1   [ RunTime:0.0003s ]
SQL: SELECT COUNT(*) AS tp_count FROM `ticket_work` WHERE ( did=79 and wc_sataus='4' ) LIMIT 1   [ RunTime:0.0003s ]
SQL: SELECT COUNT(*) AS tp_count FROM `ticket_work` WHERE ( did=79 and wc_sataus='3' ) LIMIT 1   [ RunTime:0.0003s ]
INFO: [ view_parse ] --START--
INFO: [ template_filter ] --START--
INFO: Run Behavior\ContentReplaceBehavior [ RunTime:0.000205s ]
INFO: [ template_filter ] --END-- [ RunTime:0.000430s ]
NOTIC: [8] Undefined index: case D:\wampserver\www\ticket\haoidcn\Runtime\Cache\Admin\1896c1cf806f2d66e648efcc3142bdb7.php 第 176 行.
NOTIC: [8] Undefined index: case D:\wampserver\www\ticket\haoidcn\Runtime\Cache\Admin\1896c1cf806f2d66e648efcc3142bdb7.php 第 177 行.
NOTIC: [8] Undefined index: case D:\wampserver\www\ticket\haoidcn\Runtime\Cache\Admin\1896c1cf806f2d66e648efcc3142bdb7.php 第 178 行.
NOTIC: [8] Undefined index: case D:\wampserver\www\ticket\haoidcn\Runtime\Cache\Admin\1896c1cf806f2d66e648efcc3142bdb7.php 第 179 行.
NOTIC: [8] Undefined index: case D:\wampserver\www\ticket\haoidcn\Runtime\Cache\Admin\1896c1cf806f2d66e648efcc3142bdb7.php 第 180 行.
INFO: Run Behavior\ParseTemplateBehavior [ RunTime:0.144356s ]
INFO: [ view_parse ] --END-- [ RunTime:0.144563s ]
INFO: [ view_filter ] --START--
INFO: Run Behavior\WriteHtmlCacheBehavior [ RunTime:0.006868s ]
INFO: [ view_filter ] --END-- [ RunTime:0.006975s ]
INFO: [ app_end ] --START--
INFO: Run Behavior\ShowPageTraceBehavior [ RunTime:0.004665s ]
INFO: [ app_end ] --END-- [ RunTime:0.004957s ]

