[03-07 18:53:29.354][INFO ] ------------ start ------------
[03-07 18:53:29.394][INFO ] --------dbinit start----------- (dbinit/main.go:56)
[03-07 18:53:29.395][INFO ] read dbuser: Hhp_TxNTfafilTCOoitgqP1bmMY (dbinit/main.go:84)
[03-07 18:53:29.395][INFO ] read db host and port:  127.0.0.1 13307 (dbinit/main.go:95)
[03-07 18:53:29.395][INFO ] open db  1 (dbinit/main.go:265)
[03-07 18:53:29.398][INFO ] open db success (dbinit/main.go:271)
[03-07 18:53:29.433][INFO ] mysql version: 5.5.46 (dbinit/main.go:153)
[03-07 18:53:29.435][INFO ] DbInit :  1.emoa_acc.sql (dbinit/main.go:239)
[03-07 18:53:30.036][INFO ] DbInit :  2.emoa_dns.sql (dbinit/main.go:239)
[03-07 18:53:30.409][INFO ] DbInit :  3.emoa_auth.sql (dbinit/main.go:239)
[03-07 18:53:31.103][INFO ] DbInit :  5.emoa_msg.sql (dbinit/main.go:239)
[03-07 18:53:31.410][INFO ] DbInit :  6.emoa_state.sql (dbinit/main.go:239)
[03-07 18:53:31.600][INFO ] DbInit :  8.emoa_file.sql (dbinit/main.go:239)
[03-07 18:53:31.937][INFO ] DbInit :  9.emoa_info.sql (dbinit/main.go:239)
[03-07 18:53:32.721][INFO ] DbInit :  10.emoa_push.sql (dbinit/main.go:239)
[03-07 18:53:32.938][INFO ] DbInit :  11.emoa_relation.sql (dbinit/main.go:239)
[03-07 18:53:33.097][INFO ] DbInit :  13.emoa_statisc.sql (dbinit/main.go:239)
[03-07 18:53:33.940][INFO ] DbInit :  14.emoa_wx.sql (dbinit/main.go:239)
[03-07 18:53:34.400][INFO ] DbInit :  15.emoa_app.sql (dbinit/main.go:239)
[03-07 18:53:34.832][INFO ] DbInit :  16.emoa_userportal.sql (dbinit/main.go:239)
[03-07 18:53:35.776][INFO ] DbInit :  18.emoa_view.sql (dbinit/main.go:239)
[03-07 18:53:36.582][INFO ] DbInit :  19.update.sql (dbinit/main.go:239)
[03-07 18:53:37.965][INFO ] DbInit :  20.init_custom.sql (dbinit/main.go:239)
[03-07 18:53:48.842][INFO ] ------------ start ------------
[03-07 18:53:48.881][INFO ] --------dbinit start----------- (dbinit/main.go:56)
[03-07 18:53:50.201][WARN ] read userportal failed:  Get http://localhost:7080/userportal/: dial tcp [::1]:7080: connectex: No connection could be made because the target machine actively refused it. (dbinit/main.go:448)
[03-07 18:53:52.505][WARN ] read userportal failed:  Get http://localhost:7080/userportal/: dial tcp [::1]:7080: connectex: No connection could be made because the target machine actively refused it. (dbinit/main.go:448)
[03-07 18:53:54.809][WARN ] read userportal failed:  Get http://localhost:7080/userportal/: dial tcp [::1]:7080: connectex: No connection could be made because the target machine actively refused it. (dbinit/main.go:448)
[03-07 18:53:57.117][WARN ] read userportal failed:  Get http://localhost:7080/userportal/: dial tcp [::1]:7080: connectex: No connection could be made because the target machine actively refused it. (dbinit/main.go:448)
[03-07 18:53:59.417][WARN ] read userportal failed:  Get http://localhost:7080/userportal/: dial tcp [::1]:7080: connectex: No connection could be made because the target machine actively refused it. (dbinit/main.go:448)
[03-07 18:54:01.720][WARN ] read userportal failed:  Get http://localhost:7080/userportal/: dial tcp [::1]:7080: connectex: No connection could be made because the target machine actively refused it. (dbinit/main.go:448)
[03-07 18:54:04.022][WARN ] read userportal failed:  Get http://localhost:7080/userportal/: dial tcp [::1]:7080: connectex: No connection could be made because the target machine actively refused it. (dbinit/main.go:448)
[03-07 18:54:06.327][WARN ] read userportal failed:  Get http://localhost:7080/userportal/: dial tcp [::1]:7080: connectex: No connection could be made because the target machine actively refused it. (dbinit/main.go:448)
[03-07 18:54:08.629][WARN ] read userportal failed:  Get http://localhost:7080/userportal/: dial tcp [::1]:7080: connectex: No connection could be made because the target machine actively refused it. (dbinit/main.go:448)
[03-07 18:54:11.658][WARN ] read userportal failed:  <nil> (dbinit/main.go:448)
[03-07 18:54:13.661][WARN ] read userportal failed:  <nil> (dbinit/main.go:448)
[03-07 18:54:15.664][WARN ] read userportal failed:  <nil> (dbinit/main.go:448)
[03-07 18:54:17.666][WARN ] read userportal failed:  <nil> (dbinit/main.go:448)
[03-07 18:54:19.669][WARN ] read userportal failed:  <nil> (dbinit/main.go:448)
[03-07 18:54:21.672][WARN ] read userportal failed:  <nil> (dbinit/main.go:448)
[03-07 18:54:23.677][WARN ] read userportal failed:  <nil> (dbinit/main.go:448)
[03-07 18:54:25.683][WARN ] read userportal failed:  <nil> (dbinit/main.go:448)
[03-07 18:54:27.014][INFO ] read userportal success (dbinit/main.go:456)
[03-08 09:45:56.633][INFO ] ------------ start ------------
[03-08 09:45:56.669][INFO ] --------dbinit start----------- (dbinit/main.go:56)
[03-08 09:45:56.672][INFO ] read dbuser: Hhp_TxNTfafilTCOoitgqP1bmMY (dbinit/main.go:84)
[03-08 09:45:56.672][INFO ] read db host and port:  127.0.0.1 13307 (dbinit/main.go:95)
[03-08 09:45:56.673][INFO ] open db  1 (dbinit/main.go:265)
[03-08 09:45:56.675][INFO ] open db success (dbinit/main.go:271)
[03-08 09:45:56.711][INFO ] mysql version: 5.5.46 (dbinit/main.go:153)
[03-08 09:45:56.714][INFO ] DbInit :  1.emoa_acc.sql (dbinit/main.go:239)
[03-08 09:45:56.899][INFO ] DbInit :  2.emoa_dns.sql (dbinit/main.go:239)
[03-08 09:45:57.137][INFO ] DbInit :  3.emoa_auth.sql (dbinit/main.go:239)
[03-08 09:45:57.307][INFO ] DbInit :  5.emoa_msg.sql (dbinit/main.go:239)
[03-08 09:45:57.441][INFO ] DbInit :  6.emoa_state.sql (dbinit/main.go:239)
[03-08 09:45:57.555][INFO ] DbInit :  8.emoa_file.sql (dbinit/main.go:239)
[03-08 09:45:57.680][INFO ] DbInit :  9.emoa_info.sql (dbinit/main.go:239)
[03-08 09:45:57.818][INFO ] DbInit :  10.emoa_push.sql (dbinit/main.go:239)
[03-08 09:45:57.929][INFO ] DbInit :  11.emoa_relation.sql (dbinit/main.go:239)
[03-08 09:45:58.047][INFO ] DbInit :  13.emoa_statisc.sql (dbinit/main.go:239)
[03-08 09:45:58.200][INFO ] DbInit :  14.emoa_wx.sql (dbinit/main.go:239)
[03-08 09:45:58.324][INFO ] DbInit :  15.emoa_app.sql (dbinit/main.go:239)
[03-08 09:45:58.485][INFO ] DbInit :  16.emoa_userportal.sql (dbinit/main.go:239)
[03-08 09:45:58.621][INFO ] DbInit :  18.emoa_view.sql (dbinit/main.go:239)
[03-08 09:45:58.800][INFO ] DbInit :  19.update.sql (dbinit/main.go:239)
[03-08 09:45:59.297][INFO ] DbInit :  20.init_custom.sql (dbinit/main.go:239)
[03-08 09:46:06.223][INFO ] ------------ start ------------
[03-08 09:46:06.261][INFO ] --------dbinit start----------- (dbinit/main.go:56)
[03-08 09:46:07.572][WARN ] read userportal failed:  Get http://localhost:7080/userportal/: dial tcp [::1]:7080: connectex: No connection could be made because the target machine actively refused it. (dbinit/main.go:448)
[03-08 09:46:09.874][WARN ] read userportal failed:  Get http://localhost:7080/userportal/: dial tcp [::1]:7080: connectex: No connection could be made because the target machine actively refused it. (dbinit/main.go:448)
[03-08 09:46:12.177][WARN ] read userportal failed:  Get http://localhost:7080/userportal/: dial tcp [::1]:7080: connectex: No connection could be made because the target machine actively refused it. (dbinit/main.go:448)
[03-08 09:46:14.481][WARN ] read userportal failed:  Get http://localhost:7080/userportal/: dial tcp [::1]:7080: connectex: No connection could be made because the target machine actively refused it. (dbinit/main.go:448)
[03-08 09:46:16.782][WARN ] read userportal failed:  Get http://localhost:7080/userportal/: dial tcp [::1]:7080: connectex: No connection could be made because the target machine actively refused it. (dbinit/main.go:448)
[03-08 09:46:19.085][WARN ] read userportal failed:  Get http://localhost:7080/userportal/: dial tcp [::1]:7080: connectex: No connection could be made because the target machine actively refused it. (dbinit/main.go:448)
[03-08 09:46:21.387][WARN ] read userportal failed:  Get http://localhost:7080/userportal/: dial tcp [::1]:7080: connectex: No connection could be made because the target machine actively refused it. (dbinit/main.go:448)
[03-08 09:46:23.693][WARN ] read userportal failed:  Get http://localhost:7080/userportal/: dial tcp [::1]:7080: connectex: No connection could be made because the target machine actively refused it. (dbinit/main.go:448)
[03-08 09:46:26.002][WARN ] read userportal failed:  Get http://localhost:7080/userportal/: dial tcp [::1]:7080: connectex: No connection could be made because the target machine actively refused it. (dbinit/main.go:448)
[03-08 09:46:28.304][WARN ] read userportal failed:  Get http://localhost:7080/userportal/: dial tcp [::1]:7080: connectex: No connection could be made because the target machine actively refused it. (dbinit/main.go:448)
[03-08 09:46:30.615][WARN ] read userportal failed:  Get http://localhost:7080/userportal/: dial tcp [::1]:7080: connectex: No connection could be made because the target machine actively refused it. (dbinit/main.go:448)
[03-08 09:46:32.915][WARN ] read userportal failed:  Get http://localhost:7080/userportal/: dial tcp [::1]:7080: connectex: No connection could be made because the target machine actively refused it. (dbinit/main.go:448)
[03-08 09:46:35.220][WARN ] read userportal failed:  Get http://localhost:7080/userportal/: dial tcp [::1]:7080: connectex: No connection could be made because the target machine actively refused it. (dbinit/main.go:448)
[03-08 09:46:37.521][WARN ] read userportal failed:  Get http://localhost:7080/userportal/: dial tcp [::1]:7080: connectex: No connection could be made because the target machine actively refused it. (dbinit/main.go:448)
[03-08 09:46:39.823][WARN ] read userportal failed:  Get http://localhost:7080/userportal/: dial tcp [::1]:7080: connectex: No connection could be made because the target machine actively refused it. (dbinit/main.go:448)
[03-08 09:46:42.126][WARN ] read userportal failed:  Get http://localhost:7080/userportal/: dial tcp [::1]:7080: connectex: No connection could be made because the target machine actively refused it. (dbinit/main.go:448)
[03-08 09:46:44.427][WARN ] read userportal failed:  Get http://localhost:7080/userportal/: dial tcp [::1]:7080: connectex: No connection could be made because the target machine actively refused it. (dbinit/main.go:448)
[03-08 09:46:45.691][INFO ] read userportal success (dbinit/main.go:456)
